# JRE version: Java(TM) SE Runtime Environment (8.0_101-b13) (build 1.8.0_101-b13)
# Java VM: Java HotSpot(TM) 64-Bit Server VM (25.101-b13 mixed mode bsd-amd64 compressed oops)
Heap:
 PSYoungGen      total 408064K, used 47455K [0x0000000795580000, 0x00000007b2600000, 0x00000007c0000000)
  eden space 392192K, 12% used [0x0000000795580000,0x00000007983d7e28,0x00000007ad480000)
  from space 15872K, 0% used [0x00000007ad480000,0x00000007ad480000,0x00000007ae400000)
  to   space 15360K, 0% used [0x00000007b1700000,0x00000007b1700000,0x00000007b2600000)
 ParOldGen       total 96256K, used 26833K [0x0000000740000000, 0x0000000745e00000, 0x0000000795580000)
  object space 96256K, 27% used [0x0000000740000000,0x0000000741a347a0,0x0000000745e00000)
 Metaspace       used 57029K, capacity 60126K, committed 60416K, reserved 1101824K
  class space    used 7782K, capacity 8328K, committed 8448K, reserved 1048576K
GC Heap History (10 events):
Event: 23.819 GC heap before
{Heap before GC invocations=10 (full 1):
 PSYoungGen      total 265728K, used 43461K [0x0000000795580000, 0x00000007a6600000, 0x00000007c0000000)
  eden space 255488K, 13% used [0x0000000795580000,0x00000007975f72c8,0x00000007a4f00000)
  from space 10240K, 99% used [0x00000007a5a00000,0x00000007a63fa408,0x00000007a6400000)
  to   space 11264K, 0% used [0x00000007a4f00000,0x00000007a4f00000,0x00000007a5a00000)
 ParOldGen       total 45056K, used 8542K [0x0000000740000000, 0x0000000742c00000, 0x0000000795580000)
  object space 45056K, 18% used [0x0000000740000000,0x0000000740857870,0x0000000742c00000)
 Metaspace       used 33418K, capacity 35300K, committed 35456K, reserved 1079296K
  class space    used 4540K, capacity 4897K, committed 4992K, reserved 1048576K
Event: 23.830 GC heap after
Heap after GC invocations=10 (full 1):
 PSYoungGen      total 266752K, used 8630K [0x0000000795580000, 0x00000007af380000, 0x00000007c0000000)
  eden space 255488K, 0% used [0x0000000795580000,0x0000000795580000,0x00000007a4f00000)
  from space 11264K, 76% used [0x00000007a4f00000,0x00000007a576db48,0x00000007a5a00000)
  to   space 11776K, 0% used [0x00000007ae800000,0x00000007ae800000,0x00000007af380000)
 ParOldGen       total 45056K, used 8550K [0x0000000740000000, 0x0000000742c00000, 0x0000000795580000)
  object space 45056K, 18% used [0x0000000740000000,0x0000000740859870,0x0000000742c00000)
 Metaspace       used 33418K, capacity 35300K, committed 35456K, reserved 1079296K
  class space    used 4540K, capacity 4897K, committed 4992K, reserved 1048576K
}
Event: 23.830 GC heap before
{Heap before GC invocations=11 (full 2):
 PSYoungGen      total 266752K, used 8630K [0x0000000795580000, 0x00000007af380000, 0x00000007c0000000)
  eden space 255488K, 0% used [0x0000000795580000,0x0000000795580000,0x00000007a4f00000)
  from space 11264K, 76% used [0x00000007a4f00000,0x00000007a576db48,0x00000007a5a00000)
  to   space 11776K, 0% used [0x00000007ae800000,0x00000007ae800000,0x00000007af380000)
 ParOldGen       total 45056K, used 8550K [0x0000000740000000, 0x0000000742c00000, 0x0000000795580000)
  object space 45056K, 18% used [0x0000000740000000,0x0000000740859870,0x0000000742c00000)
 Metaspace       used 33418K, capacity 35300K, committed 35456K, reserved 1079296K
  class space    used 4540K, capacity 4897K, committed 4992K, reserved 1048576K
Event: 23.889 GC heap after
Heap after GC invocations=11 (full 2):
 PSYoungGen      total 266752K, used 0K [0x0000000795580000, 0x00000007af380000, 0x00000007c0000000)
  eden space 255488K, 0% used [0x0000000795580000,0x0000000795580000,0x00000007a4f00000)
  from space 11264K, 0% used [0x00000007a4f00000,0x00000007a4f00000,0x00000007a5a00000)
  to   space 11776K, 0% used [0x00000007ae800000,0x00000007ae800000,0x00000007af380000)
 ParOldGen       total 66048K, used 13807K [0x0000000740000000, 0x0000000744080000, 0x0000000795580000)
  object space 66048K, 20% used [0x0000000740000000,0x0000000740d7bc18,0x0000000744080000)
 Metaspace       used 33418K, capacity 35300K, committed 35456K, reserved 1079296K
  class space    used 4540K, capacity 4897K, committed 4992K, reserved 1048576K
}
Event: 30.069 GC heap before
{Heap before GC invocations=12 (full 2):
 PSYoungGen      total 266752K, used 255488K [0x0000000795580000, 0x00000007af380000, 0x00000007c0000000)
  eden space 255488K, 100% used [0x0000000795580000,0x00000007a4f00000,0x00000007a4f00000)
  from space 11264K, 0% used [0x00000007a4f00000,0x00000007a4f00000,0x00000007a5a00000)
  to   space 11776K, 0% used [0x00000007ae800000,0x00000007ae800000,0x00000007af380000)
 ParOldGen       total 66048K, used 13807K [0x0000000740000000, 0x0000000744080000, 0x0000000795580000)
  object space 66048K, 20% used [0x0000000740000000,0x0000000740d7bc18,0x0000000744080000)
 Metaspace       used 47561K, capacity 49998K, committed 50304K, reserved 1093632K
  class space    used 6492K, capacity 6930K, committed 7040K, reserved 1048576K
Event: 30.093 GC heap after
Heap after GC invocations=12 (full 2):
 PSYoungGen      total 354304K, used 11767K [0x0000000795580000, 0x00000007af380000, 0x00000007c0000000)
  eden space 342528K, 0% used [0x0000000795580000,0x0000000795580000,0x00000007aa400000)
  from space 11776K, 99% used [0x00000007ae800000,0x00000007af37def8,0x00000007af380000)
  to   space 15872K, 0% used [0x00000007ad480000,0x00000007ad480000,0x00000007ae400000)
 ParOldGen       total 66048K, used 21642K [0x0000000740000000, 0x0000000744080000, 0x0000000795580000)
  object space 66048K, 32% used [0x0000000740000000,0x0000000741522b90,0x0000000744080000)
 Metaspace       used 47561K, capacity 49998K, committed 50304K, reserved 1093632K
  class space    used 6492K, capacity 6930K, committed 7040K, reserved 1048576K
}
Event: 188.303 GC heap before
{Heap before GC invocations=13 (full 2):
 PSYoungGen      total 354304K, used 161086K [0x0000000795580000, 0x00000007af380000, 0x00000007c0000000)
  eden space 342528K, 43% used [0x0000000795580000,0x000000079e751a60,0x00000007aa400000)
  from space 11776K, 99% used [0x00000007ae800000,0x00000007af37def8,0x00000007af380000)
  to   space 15872K, 0% used [0x00000007ad480000,0x00000007ad480000,0x00000007ae400000)
 ParOldGen       total 66048K, used 21642K [0x0000000740000000, 0x0000000744080000, 0x0000000795580000)
  object space 66048K, 32% used [0x0000000740000000,0x0000000741522b90,0x0000000744080000)
 Metaspace       used 56026K, capacity 59026K, committed 59096K, reserved 1099776K
  class space    used 7604K, capacity 8146K, committed 8192K, reserved 1048576K
Event: 188.324 GC heap after
Heap after GC invocations=13 (full 2):
 PSYoungGen      total 408064K, used 8929K [0x0000000795580000, 0x00000007b2600000, 0x00000007c0000000)
  eden space 392192K, 0% used [0x0000000795580000,0x0000000795580000,0x00000007ad480000)
  from space 15872K, 56% used [0x00000007ad480000,0x00000007add38720,0x00000007ae400000)
  to   space 15360K, 0% used [0x00000007b1700000,0x00000007b1700000,0x00000007b2600000)
 ParOldGen       total 66048K, used 29728K [0x0000000740000000, 0x0000000744080000, 0x0000000795580000)
  object space 66048K, 45% used [0x0000000740000000,0x0000000741d08190,0x0000000744080000)
 Metaspace       used 56026K, capacity 59026K, committed 59096K, reserved 1099776K
  class space    used 7604K, capacity 8146K, committed 8192K, reserved 1048576K
}
Event: 188.324 GC heap before
{Heap before GC invocations=14 (full 3):
 PSYoungGen      total 408064K, used 8929K [0x0000000795580000, 0x00000007b2600000, 0x00000007c0000000)
  eden space 392192K, 0% used [0x0000000795580000,0x0000000795580000,0x00000007ad480000)
  from space 15872K, 56% used [0x00000007ad480000,0x00000007add38720,0x00000007ae400000)
  to   space 15360K, 0% used [0x00000007b1700000,0x00000007b1700000,0x00000007b2600000)
 ParOldGen       total 66048K, used 29728K [0x0000000740000000, 0x0000000744080000, 0x0000000795580000)
  object space 66048K, 45% used [0x0000000740000000,0x0000000741d08190,0x0000000744080000)
 Metaspace       used 56026K, capacity 59026K, committed 59096K, reserved 1099776K
  class space    used 7604K, capacity 8146K, committed 8192K, reserved 1048576K
Event: 188.562 GC heap after
Heap after GC invocations=14 (full 3):
 PSYoungGen      total 408064K, used 0K [0x0000000795580000, 0x00000007b2600000, 0x00000007c0000000)
  eden space 392192K, 0% used [0x0000000795580000,0x0000000795580000,0x00000007ad480000)
  from space 15872K, 0% used [0x00000007ad480000,0x00000007ad480000,0x00000007ae400000)
  to   space 15360K, 0% used [0x00000007b1700000,0x00000007b1700000,0x00000007b2600000)
 ParOldGen       total 96256K, used 26833K [0x0000000740000000, 0x0000000745e00000, 0x0000000795580000)
  object space 96256K, 27% used [0x0000000740000000,0x0000000741a347a0,0x0000000745e00000)
 Metaspace       used 56026K, capacity 59026K, committed 59096K, reserved 1099776K
  class space    used 7604K, capacity 8146K, committed 8192K, reserved 1048576K
}

